[    0.000000] Linux version 4.15.0-124-generic (buildd@lgw01-amd64-029) (gcc version 7.5.0 (Ubuntu 7.5.0-3ubuntu1~18.04)) #127-Ubuntu SMP Fri Nov 6 10:54:43 UTC 2020 (Ubuntu 4.15.0-124.127-generic 4.15.18)
[    0.000000] Command line: BOOT_IMAGE=/boot/vmlinuz-4.15.0-124-generic root=LABEL=cloudimg-rootfs ro console=tty1 console=ttyS0
[    0.000000] KERNEL supported cpus:
[    0.000000]   Intel GenuineIntel
[    0.000000]   AMD AuthenticAMD
[    0.000000]   Centaur CentaurHauls
[    0.000000] x86/fpu: Supporting XSAVE feature 0x001: 'x87 floating point registers'
[    0.000000] x86/fpu: Supporting XSAVE feature 0x002: 'SSE registers'
[    0.000000] x86/fpu: Supporting XSAVE feature 0x004: 'AVX registers'
[    0.000000] x86/fpu: xstate_offset[2]:  576, xstate_sizes[2]:  256
[    0.000000] x86/fpu: Enabled xstate features 0x7, context size is 832 bytes, using 'standard' format.
[    0.000000] e820: BIOS-provided physical RAM map:
[    0.000000] BIOS-e820: [mem 0x0000000000000000-0x000000000009fbff] usable
[    0.000000] BIOS-e820: [mem 0x000000000009fc00-0x000000000009ffff] reserved
[    0.000000] BIOS-e820: [mem 0x00000000000f0000-0x00000000000fffff] reserved
[    0.000000] BIOS-e820: [mem 0x0000000000100000-0x00000000dffeffff] usable
[    0.000000] BIOS-e820: [mem 0x00000000dfff0000-0x00000000dfffffff] ACPI data
[    0.000000] BIOS-e820: [mem 0x00000000fec00000-0x00000000fec00fff] reserved
[    0.000000] BIOS-e820: [mem 0x00000000fee00000-0x00000000fee00fff] reserved
[    0.000000] BIOS-e820: [mem 0x00000000fffc0000-0x00000000ffffffff] reserved
[    0.000000] BIOS-e820: [mem 0x0000000100000000-0x000000011fffffff] usable
[    0.000000] NX (Execute Disable) protection: active
[    0.000000] SMBIOS 2.5 present.
[    0.000000] DMI: innotek GmbH VirtualBox/VirtualBox, BIOS VirtualBox 12/01/2006
[    0.000000] Hypervisor detected: KVM
[    0.000000] e820: last_pfn = 0x120000 max_arch_pfn = 0x400000000
[    0.000000] MTRR: Disabled
[    0.000000] x86/PAT: MTRRs disabled, skipping PAT initialization too.
[    0.000000] CPU MTRRs all blank - virtualized system.
[    0.000000] x86/PAT: Configuration [0-7]: WB  WT  UC- UC  WB  WT  UC- UC  
[    0.000000] e820: last_pfn = 0xdfff0 max_arch_pfn = 0x400000000
[    0.000000] found SMP MP-table at [mem 0x0009fff0-0x0009ffff]
[    0.000000] Scanning 1 areas for low memory corruption
[    0.000000] RAMDISK: [mem 0x35a67000-0x36d2afff]
[    0.000000] ACPI: Early table checksum verification disabled
[    0.000000] ACPI: RSDP 0x00000000000E0000 000024 (v02 VBOX  )
[    0.000000] ACPI: XSDT 0x00000000DFFF0030 00003C (v01 VBOX   VBOXXSDT 00000001 ASL  00000061)
[    0.000000] ACPI: FACP 0x00000000DFFF00F0 0000F4 (v04 VBOX   VBOXFACP 00000001 ASL  00000061)
[    0.000000] ACPI: DSDT 0x00000000DFFF0470 002325 (v02 VBOX   VBOXBIOS 00000002 INTL 20100528)
[    0.000000] ACPI: FACS 0x00000000DFFF0200 000040
[    0.000000] ACPI: FACS 0x00000000DFFF0200 000040
[    0.000000] ACPI: APIC 0x00000000DFFF0240 00005C (v02 VBOX   VBOXAPIC 00000001 ASL  00000061)
[    0.000000] ACPI: SSDT 0x00000000DFFF02A0 0001CC (v01 VBOX   VBOXCPUT 00000002 INTL 20100528)
[    0.000000] No NUMA configuration found
[    0.000000] Faking a node at [mem 0x0000000000000000-0x000000011fffffff]
[    0.000000] NODE_DATA(0) allocated [mem 0x11ffd1000-0x11fffbfff]
[    0.000000] kvm-clock: cpu 0, msr 1:1ff50001, primary cpu clock
[    0.000000] kvm-clock: Using msrs 4b564d01 and 4b564d00
[    0.000000] kvm-clock: using sched offset of 3643016227 cycles
[    0.000000] clocksource: kvm-clock: mask: 0xffffffffffffffff max_cycles: 0x1cd42e4dffb, max_idle_ns: 881590591483 ns
[    0.000000] Zone ranges:
[    0.000000]   DMA      [mem 0x0000000000001000-0x0000000000ffffff]
[    0.000000]   DMA32    [mem 0x0000000001000000-0x00000000ffffffff]
[    0.000000]   Normal   [mem 0x0000000100000000-0x000000011fffffff]
[    0.000000]   Device   empty
[    0.000000] Movable zone start for each node
[    0.000000] Early memory node ranges
[    0.000000]   node   0: [mem 0x0000000000001000-0x000000000009efff]
[    0.000000]   node   0: [mem 0x0000000000100000-0x00000000dffeffff]
[    0.000000]   node   0: [mem 0x0000000100000000-0x000000011fffffff]
[    0.000000] Reserved but unavailable: 98 pages
[    0.000000] Initmem setup node 0 [mem 0x0000000000001000-0x000000011fffffff]
[    0.000000] ACPI: PM-Timer IO Port: 0x4008
[    0.000000] IOAPIC[0]: apic_id 2, version 32, address 0xfec00000, GSI 0-23
[    0.000000] ACPI: INT_SRC_OVR (bus 0 bus_irq 0 global_irq 2 dfl dfl)
[    0.000000] ACPI: INT_SRC_OVR (bus 0 bus_irq 9 global_irq 9 low level)
[    0.000000] Using ACPI (MADT) for SMP configuration information
[    0.000000] smpboot: Allowing 2 CPUs, 0 hotplug CPUs
[    0.000000] PM: Registered nosave memory: [mem 0x00000000-0x00000fff]
[    0.000000] PM: Registered nosave memory: [mem 0x0009f000-0x0009ffff]
[    0.000000] PM: Registered nosave memory: [mem 0x000a0000-0x000effff]
[    0.000000] PM: Registered nosave memory: [mem 0x000f0000-0x000fffff]
[    0.000000] PM: Registered nosave memory: [mem 0xdfff0000-0xdfffffff]
[    0.000000] PM: Registered nosave memory: [mem 0xe0000000-0xfebfffff]
[    0.000000] PM: Registered nosave memory: [mem 0xfec00000-0xfec00fff]
[    0.000000] PM: Registered nosave memory: [mem 0xfec01000-0xfedfffff]
[    0.000000] PM: Registered nosave memory: [mem 0xfee00000-0xfee00fff]
[    0.000000] PM: Registered nosave memory: [mem 0xfee01000-0xfffbffff]
[    0.000000] PM: Registered nosave memory: [mem 0xfffc0000-0xffffffff]
[    0.000000] e820: [mem 0xe0000000-0xfebfffff] available for PCI devices
[    0.000000] Booting paravirtualized kernel on KVM
[    0.000000] clocksource: refined-jiffies: mask: 0xffffffff max_cycles: 0xffffffff, max_idle_ns: 7645519600211568 ns
[    0.000000] random: get_random_bytes called from start_kernel+0x99/0x500 with crng_init=0
[    0.000000] setup_percpu: NR_CPUS:8192 nr_cpumask_bits:2 nr_cpu_ids:2 nr_node_ids:1
[    0.000000] percpu: Embedded 45 pages/cpu s147456 r8192 d28672 u1048576
[    0.000000] PV qspinlock hash table entries: 256 (order: 0, 4096 bytes)
[    0.000000] Built 1 zonelists, mobility grouping on.  Total pages: 1032057
[    0.000000] Policy zone: Normal
[    0.000000] Kernel command line: BOOT_IMAGE=/boot/vmlinuz-4.15.0-124-generic root=LABEL=cloudimg-rootfs ro console=tty1 console=ttyS0
[    0.000000] Memory: 4013640K/4193848K available (12300K kernel code, 2482K rwdata, 4272K rodata, 2436K init, 2724K bss, 180208K reserved, 0K cma-reserved)
[    0.000000] SLUB: HWalign=64, Order=0-3, MinObjects=0, CPUs=2, Nodes=1
[    0.000000] Kernel/User page tables isolation: enabled
[    0.000000] ftrace: allocating 39402 entries in 154 pages
[    0.004000] Hierarchical RCU implementation.
[    0.004000] 	RCU restricting CPUs from NR_CPUS=8192 to nr_cpu_ids=2.
[    0.004000] 	Tasks RCU enabled.
[    0.004000] RCU: Adjusting geometry for rcu_fanout_leaf=16, nr_cpu_ids=2
[    0.004000] NR_IRQS: 524544, nr_irqs: 440, preallocated irqs: 16
[    0.004000] Console: colour VGA+ 80x25
[    0.004000] console [tty1] enabled
[    0.004000] console [ttyS0] enabled
[    0.004000] ACPI: Core revision 20170831
[    0.004000] ACPI: 2 ACPI AML tables successfully acquired and loaded
[    0.004000] APIC: Switch to symmetric I/O mode setup
[    0.004000] x2apic enabled
[    0.004000] Switched APIC routing to physical x2apic.
[    0.004000] ..TIMER: vector=0x30 apic1=0 pin1=2 apic2=-1 pin2=-1
[    0.004003] tsc: Detected 2208.002 MHz processor
[    0.004875] Calibrating delay loop (skipped) preset value.. 4416.00 BogoMIPS (lpj=8832008)
[    0.005545] pid_max: default: 32768 minimum: 301
[    0.008035] Security Framework initialized
[    0.008987] Yama: becoming mindful.
[    0.009767] AppArmor: AppArmor initialized
[    0.014827] Dentry cache hash table entries: 524288 (order: 10, 4194304 bytes)
[    0.020118] Inode-cache hash table entries: 262144 (order: 9, 2097152 bytes)
[    0.024017] Mount-cache hash table entries: 8192 (order: 4, 65536 bytes)
[    0.025431] Mountpoint-cache hash table entries: 8192 (order: 4, 65536 bytes)
[    0.027324] Last level iTLB entries: 4KB 64, 2MB 8, 4MB 8
[    0.028008] Last level dTLB entries: 4KB 64, 2MB 0, 4MB 0, 1GB 4
[    0.029227] Spectre V1 : Mitigation: usercopy/swapgs barriers and __user pointer sanitization
[    0.032012] Spectre V2 : Mitigation: Full generic retpoline
[    0.033580] Spectre V2 : Spectre v2 / SpectreRSB mitigation: Filling RSB on context switch
[    0.035059] Speculative Store Bypass: Vulnerable
[    0.036030] SRBDS: Unknown: Dependent on hypervisor status
[    0.036999] MDS: Mitigation: Clear CPU buffers
[    0.038019] Freeing SMP alternatives memory: 36K
[    0.148718] smpboot: CPU0: Intel(R) Core(TM) i7-8750H CPU @ 2.20GHz (family: 0x6, model: 0x9e, stepping: 0xa)
[    0.150923] Performance Events: unsupported p6 CPU model 158 no PMU driver, software events only.
[    0.152028] Hierarchical SRCU implementation.
[    0.153397] NMI watchdog: Perf event create on CPU 0 failed with -2
[    0.154547] NMI watchdog: Perf NMI watchdog permanently disabled
[    0.156037] smp: Bringing up secondary CPUs ...
[    0.159940] x86: Booting SMP configuration:
[    0.160004] .... node  #0, CPUs:      #1
[    0.004000] kvm-clock: cpu 1, msr 1:1ff50041, secondary cpu clock
[    0.164016] smp: Brought up 1 node, 2 CPUs
[    0.164787] smpboot: Max logical packages: 1
[    0.165615] smpboot: Total of 2 processors activated (8832.00 BogoMIPS)
[    0.168040] devtmpfs: initialized
[    0.168814] x86/mm: Memory block size: 128MB
[    0.170188] evm: security.selinux
[    0.170839] evm: security.SMACK64
[    0.171481] evm: security.SMACK64EXEC
[    0.172004] evm: security.SMACK64TRANSMUTE
[    0.172884] evm: security.SMACK64MMAP
[    0.173686] evm: security.apparmor
[    0.174393] evm: security.ima
[    0.175000] evm: security.capability
[    0.176090] clocksource: jiffies: mask: 0xffffffff max_cycles: 0xffffffff, max_idle_ns: 7645041785100000 ns
[    0.178061] futex hash table entries: 512 (order: 3, 32768 bytes)
[    0.179510] pinctrl core: initialized pinctrl subsystem
[    0.180089] RTC time: 21:58:16, date: 01/14/21
[    0.181042] NET: Registered protocol family 16
[    0.182027] audit: initializing netlink subsys (disabled)
[    0.184004] audit: type=2000 audit(1610661501.529:1): state=initialized audit_enabled=0 res=1
[    0.185557] cpuidle: using governor ladder
[    0.185557] cpuidle: using governor menu
[    0.185759] ACPI: bus type PCI registered
[    0.188003] acpiphp: ACPI Hot Plug PCI Controller Driver version: 0.5
[    0.189407] PCI: Using configuration type 1 for base access
[    0.192064] HugeTLB registered 2.00 MiB page size, pre-allocated 0 pages
[    0.193331] ACPI: Added _OSI(Module Device)
[    0.193331] ACPI: Added _OSI(Processor Device)
[    0.196003] ACPI: Added _OSI(3.0 _SCP Extensions)
[    0.196982] ACPI: Added _OSI(Processor Aggregator Device)
[    0.198406] ACPI: Added _OSI(Linux-Dell-Video)
[    0.199447] ACPI: Added _OSI(Linux-Lenovo-NV-HDMI-Audio)
[    0.200003] ACPI: Added _OSI(Linux-HPI-Hybrid-Graphics)
[    0.201350] ACPI: Executed 1 blocks of module-level executable AML code
[    0.207294] ACPI: Interpreter enabled
[    0.208014] ACPI: (supports S0 S5)
[    0.208797] ACPI: Using IOAPIC for interrupt routing
[    0.210252] PCI: Using host bridge windows from ACPI; if necessary, use "pci=nocrs" and report a bug
[    0.212163] ACPI: Enabled 2 GPEs in block 00 to 07
[    0.223125] ACPI: PCI Root Bridge [PCI0] (domain 0000 [bus 00-ff])
[    0.224007] acpi PNP0A03:00: _OSC: OS supports [ASPM ClockPM Segments MSI]
[    0.225835] acpi PNP0A03:00: _OSC: not requesting OS control; OS requires [ExtendedConfig ASPM ClockPM MSI]
[    0.227770] acpi PNP0A03:00: fail to add MMCONFIG information, can't access extended PCI configuration space under this bridge.
[    0.232351] PCI host bridge to bus 0000:00
[    0.233197] pci_bus 0000:00: root bus resource [io  0x0000-0x0cf7 window]
[    0.234403] pci_bus 0000:00: root bus resource [io  0x0d00-0xffff window]
[    0.236002] pci_bus 0000:00: root bus resource [mem 0x000a0000-0x000bffff window]
[    0.237463] pci_bus 0000:00: root bus resource [mem 0xe0000000-0xfdffffff window]
[    0.239199] pci_bus 0000:00: root bus resource [bus 00-ff]
[    0.242132] pci 0000:00:01.1: legacy IDE quirk: reg 0x10: [io  0x01f0-0x01f7]
[    0.243642] pci 0000:00:01.1: legacy IDE quirk: reg 0x14: [io  0x03f6]
[    0.244005] pci 0000:00:01.1: legacy IDE quirk: reg 0x18: [io  0x0170-0x0177]
[    0.245309] pci 0000:00:01.1: legacy IDE quirk: reg 0x1c: [io  0x0376]
[    0.313703] pci 0000:00:07.0: quirk: [io  0x4000-0x403f] claimed by PIIX4 ACPI
[    0.315053] pci 0000:00:07.0: quirk: [io  0x4100-0x410f] claimed by PIIX4 SMB
[    0.336446] ACPI: PCI Interrupt Link [LNKA] (IRQs 5 9 10 *11)
[    0.337860] ACPI: PCI Interrupt Link [LNKB] (IRQs 5 9 *10 11)
[    0.339363] ACPI: PCI Interrupt Link [LNKC] (IRQs 5 *9 10 11)
[    0.340133] ACPI: PCI Interrupt Link [LNKD] (IRQs 5 9 10 *11)
[    0.341522] SCSI subsystem initialized
[    0.342286] pci 0000:00:02.0: vgaarb: setting as boot VGA device
[    0.342286] pci 0000:00:02.0: vgaarb: VGA device added: decodes=io+mem,owns=io+mem,locks=none
[    0.344009] pci 0000:00:02.0: vgaarb: bridge control possible
[    0.345020] vgaarb: loaded
[    0.345587] ACPI: bus type USB registered
[    0.346424] usbcore: registered new interface driver usbfs
[    0.348010] usbcore: registered new interface driver hub
[    0.352031] usbcore: registered new device driver usb
[    0.356085] EDAC MC: Ver: 3.0.0
[    0.356936] PCI: Using ACPI for IRQ routing
[    0.357276] NetLabel: Initializing
[    0.357986] NetLabel:  domain hash size = 128
[    0.360002] NetLabel:  protocols = UNLABELED CIPSOv4 CALIPSO
[    0.360982] NetLabel:  unlabeled traffic allowed by default
[    0.361909] clocksource: Switched to clocksource kvm-clock
[    0.384069] VFS: Disk quotas dquot_6.6.0
[    0.385639] VFS: Dquot-cache hash table entries: 512 (order 0, 4096 bytes)
[    0.387087] AppArmor: AppArmor Filesystem Enabled
[    0.388066] pnp: PnP ACPI init
[    0.389761] pnp: PnP ACPI: found 3 devices
[    0.403256] clocksource: acpi_pm: mask: 0xffffff max_cycles: 0xffffff, max_idle_ns: 2085701024 ns
[    0.406464] NET: Registered protocol family 2
[    0.408303] TCP established hash table entries: 32768 (order: 6, 262144 bytes)
[    0.410372] TCP bind hash table entries: 32768 (order: 7, 524288 bytes)
[    0.411827] TCP: Hash tables configured (established 32768 bind 32768)
[    0.413545] UDP hash table entries: 2048 (order: 4, 65536 bytes)
[    0.414819] UDP-Lite hash table entries: 2048 (order: 4, 65536 bytes)
[    0.415993] NET: Registered protocol family 1
[    0.417287] pci 0000:00:00.0: Limiting direct PCI/PCI transfers
[    0.418605] pci 0000:00:01.0: Activating ISA DMA hang workarounds
[    0.420306] pci 0000:00:02.0: Video device with shadowed ROM at [mem 0x000c0000-0x000dffff]
[    0.422255] Unpacking initramfs...
[    0.778975] Freeing initrd memory: 19216K
[    0.779765] PCI-DMA: Using software bounce buffering for IO (SWIOTLB)
[    0.780848] software IO TLB: mapped [mem 0xdbff0000-0xdfff0000] (64MB)
[    0.782090] clocksource: tsc: mask: 0xffffffffffffffff max_cycles: 0x1fd3ba1610f, max_idle_ns: 440795284337 ns
[    0.783981] platform rtc_cmos: registered platform RTC device (no PNP device found)
[    0.785338] Scanning for low memory corruption every 60 seconds
[    0.787256] Initialise system trusted keyrings
[    0.788059] Key type blacklist registered
[    0.788857] workingset: timestamp_bits=36 max_order=20 bucket_order=0
[    0.796565] zbud: loaded
[    0.797668] squashfs: version 4.0 (2009/01/31) Phillip Lougher
[    0.798999] fuse init (API version 7.26)
[    0.802561] Key type asymmetric registered
[    0.803810] Asymmetric key parser 'x509' registered
[    0.805042] Block layer SCSI generic (bsg) driver version 0.4 loaded (major 246)
[    0.806808] io scheduler noop registered
[    0.807727] io scheduler deadline registered
[    0.808765] io scheduler cfq registered (default)
[    0.810018] ACPI: AC Adapter [AC] (on-line)
[    0.810921] input: Power Button as /devices/LNXSYSTM:00/LNXPWRBN:00/input/input0
[    0.812569] ACPI: Power Button [PWRF]
[    0.813629] input: Sleep Button as /devices/LNXSYSTM:00/LNXSLPBN:00/input/input1
[    0.815411] ACPI: Sleep Button [SLPF]
[    0.817355] ACPI: Battery Slot [BAT0] (battery present)
[    0.820430] Serial: 8250/16550 driver, 32 ports, IRQ sharing enabled
[    0.843027] 00:02: ttyS0 at I/O 0x3f8 (irq = 4, base_baud = 115200) is a 16550A
[    0.846777] Linux agpgart interface v0.103
[    0.853004] loop: module loaded
[    0.855003] scsi host0: ata_piix
[    0.855921] scsi host1: ata_piix
[    0.856724] ata1: PATA max UDMA/33 cmd 0x1f0 ctl 0x3f6 bmdma 0xd000 irq 14
[    0.858031] ata2: PATA max UDMA/33 cmd 0x170 ctl 0x376 bmdma 0xd008 irq 15
[    0.859345] libphy: Fixed MDIO Bus: probed
[    0.860189] tun: Universal TUN/TAP device driver, 1.6
[    0.861187] PPP generic driver version 2.4.2
[    0.862191] ehci_hcd: USB 2.0 'Enhanced' Host Controller (EHCI) Driver
[    0.863683] ehci-pci: EHCI PCI platform driver
[    0.864725] ehci-platform: EHCI generic platform driver
[    0.865720] ohci_hcd: USB 1.1 'Open' Host Controller (OHCI) Driver
[    0.866926] ohci-pci: OHCI PCI platform driver
[    0.868355] ohci-platform: OHCI generic platform driver
[    0.869441] uhci_hcd: USB Universal Host Controller Interface driver
[    0.870714] i8042: PNP: PS/2 Controller [PNP0303:PS2K,PNP0f03:PS2M] at 0x60,0x64 irq 1,12
[    0.872828] serio: i8042 KBD port at 0x60,0x64 irq 1
[    0.874153] serio: i8042 AUX port at 0x60,0x64 irq 12
[    0.875146] mousedev: PS/2 mouse device common for all mice
[    0.876558] input: AT Translated Set 2 keyboard as /devices/platform/i8042/serio0/input/input2
[    0.878564] rtc_cmos rtc_cmos: rtc core: registered rtc_cmos as rtc0
[    0.879758] rtc_cmos rtc_cmos: alarms up to one day, 114 bytes nvram
[    0.881280] i2c /dev entries driver
[    0.883162] device-mapper: uevent: version 1.0.3
[    0.885138] device-mapper: ioctl: 4.37.0-ioctl (2017-09-20) initialised: dm-devel@redhat.com
[    0.886694] ledtrig-cpu: registered to indicate activity on CPUs
[    0.888299] NET: Registered protocol family 10
[    0.892914] Segment Routing with IPv6
[    0.893985] NET: Registered protocol family 17
[    0.894925] Key type dns_resolver registered
[    0.895829] mce: Using 0 MCE banks
[    0.896480] RAS: Correctable Errors collector initialized.
[    0.897570] sched_clock: Marking stable (896457507, 0)->(1254184611, -357727104)
[    0.899265] registered taskstats version 1
[    0.900145] Loading compiled-in X.509 certificates
[    0.903746] Loaded X.509 cert 'Build time autogenerated kernel key: be62403dcace2d46f96dafa9f42421c610ef3c2a'
[    0.905480] zswap: loaded using pool lzo/zbud
[    0.911414] Key type big_key registered
[    0.912584] Key type trusted registered
[    0.915046] Key type encrypted registered
[    0.915874] AppArmor: AppArmor sha1 policy hashing enabled
[    0.917160] ima: No TPM chip found, activating TPM-bypass! (rc=-19)
[    0.918488] ima: Allocated hash algorithm: sha1
[    0.919380] evm: HMAC attrs: 0x1
[    0.920273]   Magic number: 5:691:1005
[    0.921024] input input2: hash matches
[    0.922002] rtc_cmos rtc_cmos: setting system clock to 2021-01-14 21:58:16 UTC (1610661496)
[    0.923858] BIOS EDD facility v0.16 2004-Jun-25, 0 devices found
[    0.925036] EDD information not available.
[    1.051846] Freeing unused kernel image memory: 2436K
[    1.064705] Write protecting the kernel read-only data: 20480k
[    1.067078] Freeing unused kernel image memory: 2008K
[    1.068795] Freeing unused kernel image memory: 1872K
[    1.079557] x86/mm: Checked W+X mappings: passed, no W+X pages found.
[    1.081958] x86/mm: Checking user space page tables
[    1.090513] x86/mm: Checked W+X mappings: passed, no W+X pages found.
Loading, please wait...
starting version 237
[    1.179571] e1000: Intel(R) PRO/1000 Network Driver - version 7.3.21-k8-NAPI
[    1.181077] e1000: Copyright (c) 1999-2006 Intel Corporation.
[    1.184497] Fusion MPT base driver 3.04.20
[    1.185520] Copyright (c) 1999-2008 LSI Corporation
[    1.205016] Fusion MPT SPI Host driver 3.04.20
[    1.211994] AVX2 version of gcm_enc/dec engaged.
[    1.213158] AES CTR mode by8 optimization enabled
[    1.389491] input: ImExPS/2 Generic Explorer Mouse as /devices/platform/i8042/serio1/input/input4
[    1.622477] e1000 0000:00:03.0 eth0: (PCI:33MHz:32-bit) 02:60:71:1d:34:36
[    1.624684] e1000 0000:00:03.0 eth0: Intel(R) PRO/1000 Network Connection
[    1.628480] e1000 0000:00:03.0 enp0s3: renamed from eth0
[    1.630084] mptbase: ioc0: Initiating bringup
[    1.729167] ioc0: LSI53C1030 A0: Capabilities={Initiator}
[    1.980754] scsi host2: ioc0: LSI53C1030 A0, FwRev=00000000h, Ports=1, MaxQ=256, IRQ=20
[    2.149610] scsi 2:0:0:0: Direct-Access     VBOX     HARDDISK         1.0  PQ: 0 ANSI: 5
[    2.184071] scsi target2:0:0: Beginning Domain Validation
[    2.188255] scsi target2:0:0: Domain Validation skipping write tests
[    2.189560] scsi target2:0:0: Ending Domain Validation
[    2.190784] scsi target2:0:0: asynchronous
[    2.193511] scsi 2:0:1:0: Direct-Access     VBOX     HARDDISK         1.0  PQ: 0 ANSI: 5
[    2.224672] scsi target2:0:1: Beginning Domain Validation
[    2.227898] random: fast init done
[    2.229184] scsi target2:0:1: Domain Validation skipping write tests
[    2.230417] scsi target2:0:1: Ending Domain Validation
[    2.231461] scsi target2:0:1: asynchronous
[    2.244739] random: systemd-udevd: uninitialized urandom read (16 bytes read)
[    2.247681] random: systemd-udevd: uninitialized urandom read (16 bytes read)
[    2.248215] sd 2:0:0:0: Attached scsi generic sg0 type 0
[    2.249396] random: systemd-udevd: uninitialized urandom read (16 bytes read)
[    2.250834] sd 2:0:1:0: Attached scsi generic sg1 type 0
[    2.252578] sd 2:0:1:0: [sdb] 20480 512-byte logical blocks: (10.5 MB/10.0 MiB)
[    2.255908] sd 2:0:1:0: [sdb] Write Protect is off
[    2.255950] sd 2:0:0:0: [sda] 20971520 512-byte logical blocks: (10.7 GB/10.0 GiB)
[    2.257185] sd 2:0:1:0: [sdb] Incomplete mode parameter data
[    2.259756] sd 2:0:1:0: [sdb] Assuming drive cache: write through
[    2.259819] sd 2:0:0:0: [sda] Write Protect is off
[    2.263003] sd 2:0:0:0: [sda] Incomplete mode parameter data
[    2.265134] sd 2:0:0:0: [sda] Assuming drive cache: write through
[    2.267453] sd 2:0:1:0: [sdb] Attached SCSI disk
[    2.269397]  sda: sda1
[    2.271222] sd 2:0:0:0: [sda] Attached SCSI disk
Begin: Loading essential drivers ... [    3.940658] raid6: sse2x1   gen() 11808 MB/s
[    3.988069] raid6: sse2x1   xor()  8755 MB/s
[    4.036346] raid6: sse2x2   gen() 14683 MB/s
[    4.084569] raid6: sse2x2   xor()  9754 MB/s
[    4.132453] raid6: sse2x4   gen() 16876 MB/s
[    4.180162] raid6: sse2x4   xor()  8416 MB/s
[    4.228067] raid6: avx2x1   gen() 18323 MB/s
[    4.276123] raid6: avx2x1   xor() 13164 MB/s
[    4.324266] raid6: avx2x2   gen() 22429 MB/s
[    4.372255] raid6: avx2x2   xor() 17510 MB/s
[    4.420143] raid6: avx2x4   gen() 32857 MB/s
[    4.468294] raid6: avx2x4   xor() 17120 MB/s
[    4.469225] raid6: using algorithm avx2x4 gen() 32857 MB/s
[    4.470208] raid6: .... xor() 17120 MB/s, rmw enabled
[    4.471102] raid6: using avx2x2 recovery algorithm
[    4.473440] xor: automatically using best checksumming function   avx       
[    4.475918] async_tx: api initialized (async)
done.
Begin: Running /scripts/init-premount ... done.
Begin: Mounting root file system ... Begin: Running /scripts/local-top ... done.
Begin: Running /scripts/local-premount ... [    4.523349] Btrfs loaded, crc32c=crc32c-intel
Scanning for Btrfs filesystems
done.
Warning: fsck not present, so skipping root file system
[    4.554135] EXT4-fs (sda1): mounted filesystem with ordered data mode. Opts: (null)
done.
Begin: Running /scripts/local-bottom ... done.
Begin: Running /scripts/init-bottom ... done.
[    4.746240] ip_tables: (C) 2000-2006 Netfilter Core Team
[    4.761749] systemd[1]: systemd 237 running in system mode. (+PAM +AUDIT +SELINUX +IMA +APPARMOR +SMACK +SYSVINIT +UTMP +LIBCRYPTSETUP +GCRYPT +GNUTLS +ACL +XZ +LZ4 +SECCOMP +BLKID +ELFUTILS +KMOD -IDN2 +IDN -PCRE2 default-hierarchy=hybrid)
[    4.767013] systemd[1]: Detected virtualization oracle.
[    4.767938] systemd[1]: Detected architecture x86-64.

Welcome to [1mUbuntu 18.04.5 LTS[0m!

[    4.773325] systemd[1]: Set hostname to <ubuntu>.
[    4.779291] systemd[1]: Initializing machine ID from random generator.
[    4.780491] systemd[1]: Installed transient /etc/machine-id file.
[    5.122977] systemd[1]: Reached target Swap.
[[0;32m  OK  [0m] Reached target Swap.
[    5.137705] systemd[1]: Created slice User and Session Slice.
[[0;32m  OK  [0m] Created slice User and Session Slice.
[    5.148145] systemd[1]: Reached target User and Group Name Lookups.
[[0;32m  OK  [0m] Reached target User and Group Name Lookups.
[    5.150128] systemd[1]: Started Forward Password Requests to Wall Directory Watch.
[[0;32m  OK  [0m] Started Forward Password Requests to Wall Directory Watch.
[[0;32m  OK  [0m] Created slice System Slice.
[[0;32m  OK  [0m] Listening on Device-mapper event daemon FIFOs.
[[0;32m  OK  [0m] Listening on Journal Socket.
         Starting Create list of required st…ce nodes for the current kernel...
         Mounting POSIX Message Queue File System...
         Starting Load Kernel Modules...
[[0;32m  OK  [0m] Listening on Journal Audit Socket.
[[0;32m  OK  [0m] Listening on LVM2 metadata daemon socket.
         Starting Monitoring of LVM2 mirrors…ng dmeventd or progress polling...
[    5.207401] Loading iSCSI transport class v2.0-870.
[[0;32m  OK  [0m] Reached target Slices.
[    5.213622] iscsi: registered transport (tcp)
         Starting Uncomplicated firewall...
         Starting Remount Root and Kernel File Systems...
[    5.235769] iscsi: registered transport (iser)
[[0;32m  OK  [0m] Listening on Syslog Socket.
[[0;32m  OK  [0m] Listening on udev Control Socket.
[[0;32m  OK  [0m] Listening on Network Service Netlink Socket.
[[0;32m  OK  [0m] Listening on /dev/initctl Compatibility Named Pipe.
         Starting Set the console keyboard layout...
         Mounting Kernel Debug File System...
         Mounting Huge Pages File System...
[[0;32m  OK  [0m] Reached target System Time Synchronized.
[[0;32m  OK  [0m] Created slice system-serial\x2dgetty.slice.
[    5.304416] EXT4-fs (sda1): re-mounted. Opts: (null)
[[0;32m  OK  [0m] Listening on LVM2 poll daemon socket.
[[0;32m  OK  [0m] Set up automount Arbitrary Executab…rmats File System Automount Point.
[[0;32m  OK  [0m] Listening on Journal Socket (/dev/log).
         Starting Journal Service...
[[0;32m  OK  [0m] Listening on udev Kernel Socket.
         Starting udev Coldplug all Devices...
[[0;32m  OK  [0m] Started Create list of required sta…vice nodes for the current kernel.
[[0;32m  OK  [0m] Mounted POSIX Message Queue File System.
[[0;32m  OK  [0m] Started Load Kernel Modules.
[[0;32m  OK  [0m] Started Uncomplicated firewall.
[[0;32m  OK  [0m] Started Remount Root and Kernel File Systems.
[[0;32m  OK  [0m] Mounted Kernel Debug File System.
[[0;32m  OK  [0m] Mounted Huge Pages File System.
[[0;32m  OK  [0m] Started Journal Service.
[[0;32m  OK  [0m] Started LVM2 metadata daemon.
         Starting Load/Save Random Seed...
         Starting Flush Journal to Persistent Storage...
         Starting Apply Kernel Variables...
         Mounting Kernel Configuration File System...
         Mounting FUSE Control File System...
         Starting Create Static Device Nodes in /dev...
[[0;32m  OK  [0m] Started Monitoring of LVM2 mirrors,…sing dmeventd or progress polling.
[[0;32m  OK  [0m] Started udev Coldplug all Devices.
[[0;32m  OK  [0m] Started Load/Save Random Seed.
[[0;32m  OK  [0m] Mounted Kernel Configuration File System.
[[0;32m  OK  [0m] Mounted FUSE Control File System.
[    5.486425] systemd-journald[416]: Received request to flush runtime journal from PID 1
[[0;32m  OK  [0m] Started Create Static Device Nodes in /dev.
         Starting udev Kernel Device Manager...
[[0;32m  OK  [0m] Started Apply Kernel Variables.
[[0;32m  OK  [0m] Started Flush Journal to Persistent Storage.
[[0;32m  OK  [0m] Started udev Kernel Device Manager.
[[0;32m  OK  [0m] Found device /dev/ttyS0.
[[0;32m  OK  [0m] Listening on Load/Save RF Kill Switch Status /dev/rfkill Watch.
[[0;32m  OK  [0m] Started Set the console keyboard layout.
[[0;32m  OK  [0m] Started Dispatch Password Requests to Console Directory Watch.
[[0;32m  OK  [0m] Reached target Local Encrypted Volumes.
[[0;32m  OK  [0m] Reached target Local File Systems (Pre).
[[0;32m  OK  [0m] Reached target Local File Systems.
         Starting AppArmor initialization...
         Starting Commit a transient machine-id on disk...
         Starting Tell Plymouth To Write Out Runtime Data...
         Starting ebtables ruleset management...
         Starting Set console font and keymap...
         Starting Create Volatile Files and Directories...
[[0;32m  OK  [0m] Started Tell Plymouth To Write Out Runtime Data.
[[0;32m  OK  [0m] Started Set console font and keymap.
[[0;32m  OK  [0m] Started Create Volatile Files and Directories.
         Starting Update UTMP about System Boot/Shutdown...
[[0;32m  OK  [0m] Started Update UTMP about System Boot/Shutdown.
[[0;32m  OK  [0m] Started Commit a transient machine-id on disk.
[[0;32m  OK  [0m] Started ebtables ruleset management.
[[0;32m  OK  [0m] Started AppArmor initialization.
         Starting Load AppArmor profiles managed internally by snapd...
         Starting Initial cloud-init job (pre-networking)...
[[0;32m  OK  [0m] Started Load AppArmor profiles managed internally by snapd.
[   10.227977] cloud-init[674]: Cloud-init v. 20.3-2-g371b392c-0ubuntu1~18.04.1 running 'init-local' at Thu, 14 Jan 2021 21:58:25 +0000. Up 9.68 seconds.
[[0;32m  OK  [0m] Started Initial cloud-init job (pre-networking).
[[0;32m  OK  [0m] Reached target Network (Pre).
         Starting Network Service...
[[0;32m  OK  [0m] Started Network Service.
         Starting Wait for Network to be Configured...
         Starting Network Name Resolution...
[[0;32m  OK  [0m] Started Network Name Resolution.
[[0;32m  OK  [0m] Reached target Host and Network Name Lookups.
[[0;32m  OK  [0m] Reached target Network.
[[0;32m  OK  [0m] Started Wait for Network to be Configured.
         Starting Initial cloud-init job (metadata service crawler)...
[   12.998077] cloud-init[807]: Cloud-init v. 20.3-2-g371b392c-0ubuntu1~18.04.1 running 'init' at Thu, 14 Jan 2021 21:58:28 +0000. Up 12.72 seconds.
[   13.008346] cloud-init[807]: ci-info: ++++++++++++++++++++++++++++++++++++++Net device info++++++++++++++++++++++++++++++++++++++
[   13.009935] cloud-init[807]: ci-info: +--------+------+----------------------------+---------------+--------+-------------------+
[   13.020225] cloud-init[807]: ci-info: | Device |  Up  |          Address           |      Mask     | Scope  |     Hw-Address    |
[   13.021756] cloud-init[807]: ci-info: +--------+------+----------------------------+---------------+--------+-------------------+
[   13.023065] cloud-init[807]: ci-info: | enp0s3 | True |         10.0.2.15          | 255.255.255.0 | global | 02:60:71:1d:34:36 |
[   13.025125] cloud-init[807]: ci-info: | enp0s3 | True | fe80::60:71ff:fe1d:3436/64 |       .       |  link  | 02:60:71:1d:34:36 |
[   13.027228] cloud-init[807]: ci-info: |   lo   | True |         127.0.0.1          |   255.0.0.0   |  host  |         .         |
[   13.040600] cloud-init[807]: ci-info: |   lo   | True |          ::1/128           |       .       |  host  |         .         |
[   13.042595] cloud-init[807]: ci-info: +--------+------+----------------------------+---------------+--------+-------------------+
[   13.045440] cloud-init[807]: ci-info: ++++++++++++++++++++++++++++Route IPv4 info+++++++++++++++++++++++++++++
[   13.048070] cloud-init[807]: ci-info: +-------+-------------+----------+-----------------+-----------+-------+
[   13.050122] cloud-init[807]: ci-info: | Route | Destination | Gateway  |     Genmask     | Interface | Flags |
[   13.060222] cloud-init[807]: ci-info: +-------+-------------+----------+-----------------+-----------+-------+
[   13.072936] cloud-init[807]: ci-info: |   0   |   0.0.0.0   | 10.0.2.2 |     0.0.0.0     |   enp0s3  |   UG  |
[   13.074593] cloud-init[807]: ci-info: |   1   |   10.0.2.0  | 0.0.0.0  |  255.255.255.0  |   enp0s3  |   U   |
[   13.076155] cloud-init[807]: ci-info: |   2   |   10.0.2.2  | 0.0.0.0  | 255.255.255.255 |   enp0s3  |   UH  |
[   13.077408] cloud-init[807]: ci-info: +-------+-------------+----------+-----------------+-----------+-------+
[   13.078528] cloud-init[807]: ci-info: +++++++++++++++++++Route IPv6 info+++++++++++++++++++
[   13.088485] cloud-init[807]: ci-info: +-------+-------------+---------+-----------+-------+
[   13.089436] cloud-init[807]: ci-info: | Route | Destination | Gateway | Interface | Flags |
[   13.100351] cloud-init[807]: ci-info: +-------+-------------+---------+-----------+-------+
[   13.112879] cloud-init[807]: ci-info: |   1   |  fe80::/64  |    ::   |   enp0s3  |   U   |
[   13.124324] cloud-init[807]: ci-info: |   3   |    local    |    ::   |   enp0s3  |   U   |
[   13.136222] cloud-init[807]: ci-info: |   4   |   ff00::/8  |    ::   |   enp0s3  |   U   |
[   13.137488] cloud-init[807]: ci-info: +-------+-------------+---------+-----------+-------+
[   13.778259] cloud-init[807]: Generating public/private rsa key pair.
[   13.779328] cloud-init[807]: Your identification has been saved in /etc/ssh/ssh_host_rsa_key.
[   13.780724] cloud-init[807]: Your public key has been saved in /etc/ssh/ssh_host_rsa_key.pub.
[   13.782097] cloud-init[807]: The key fingerprint is:
[   13.782977] cloud-init[807]: SHA256:82bMV9kicH9ii6DPCPUDKSp94BIEuQ55+FUcAfYh13o root@ubuntu-bionic
[   13.786176] cloud-init[807]: The key's randomart image is:
[   13.796818] cloud-init[807]: +---[RSA 2048]----+
[   13.812440] cloud-init[807]: |..  +o=+         |
[   13.813510] cloud-init[807]: |.. . +o..        |
[   13.814412] cloud-init[807]: | +.  ...  . .    |
[   13.815396] cloud-init[807]: |=.. . . E. o . o |
[   13.816536] cloud-init[807]: |oo... ..S . . B o|
[   13.817660] cloud-init[807]: | ..+ o o O . = = |
[   13.818701] cloud-init[807]: |  o + o . O o .  |
[   13.833433] cloud-init[807]: |   o . . * o     |
[   13.834216] cloud-init[807]: |        . o      |
[   13.835294] cloud-init[807]: +----[SHA256]-----+
[   13.837397] cloud-init[807]: Generating public/private dsa key pair.
[   13.838474] cloud-init[807]: Your identification has been saved in /etc/ssh/ssh_host_dsa_key.
[   13.839824] cloud-init[807]: Your public key has been saved in /etc/ssh/ssh_host_dsa_key.pub.
[   13.841456] cloud-init[807]: The key fingerprint is:
[   13.853846] cloud-init[807]: SHA256:S6P1LxAP5QXB5zdCK2XI6uKrOaDH9lNR1oTtAPjgN0A root@ubuntu-bionic
[   13.855671] cloud-init[807]: The key's randomart image is:
[   13.857374] cloud-init[807]: +---[DSA 1024]----+
[   13.858399] cloud-init[807]: |   .E... B++     |
[   13.859071] cloud-init[807]: |    +   = B *    |
[   13.859893] cloud-init[807]: |   . + o * B .   |
[   13.872411] cloud-init[807]: |    . = + + + o  |
[   13.873261] cloud-init[[0;32m  OK  [0m] Started Initial cloud-init job (metadata service crawler).
[[0;32m  OK  [0m] Reached target System Initialization.
[[0;32m  OK  [0m] Listening on Open-iSCSI iscsid Socket.
[807]: |     . +S+ . o . |         Starting LXD - unix socket.

[   13.882376] cloud-init[807]: [[0;32m  OK  [0m] Started ACPI Events Check.
[[0;32m  OK  [0m] Started Discard unused blocks once a week.
[[0;32m  OK  [0m] Listening on ACPID Listen Socket.
[[0;32m  OK  [0m] Listening on D-Bus System Message Bus Socket.|  .   o+o+.      |
[   13.889942] cloud-init[807]: | o . o.....      |
[   13.890504] cloud-init[807]: |. + o..   ..     |
[   13.891327] cloud-init[807]: | o .++..   ..    |
[   13.891900] cloud-init
[[0;32m  OK  [0m] Started Daily Cleanup of Temporary Directories.
         Starting Socket activation for snappy daemon.
[[0;32m  OK  [0m] Started Daily apt download activities.
[[0;32m  OK  [0m] Started Daily apt upgrade and clean activities.
[[0;32m  OK  [0m] Listening on UUID daemon activation socket.
[807]: +----[SHA256]-----+
[   13.901095] cloud-init[[0;32m  OK  [0m] Reached target Paths.
[[0;32m  OK  [0m] Started Message of the Day.
[[0;32m  OK  [0m] Reached target Timers.
[[0;32m  OK  [0m] Reached target Network is Online.
[807]: Generating public/private ecdsa key pair.
[   13.905231]          Starting Availability of block devices...
[[0;32m  OK  [0m] Reached target Remote File Systems (Pre).
[[0;32m  OK  [0m] Reached target Remote File Systems.
[[0;32m  OK  [0m] Reached target Cloud-config availability.
cloud-init[807]: Your identification has been saved in /etc/ssh/ssh_host_ecdsa_key.
[   13.910708] cloud-init[807]: Your public key has been saved in /etc/ssh/ssh_host_ecdsa_key.pub.[[0;32m  OK  [0m] Listening on LXD - unix socket.
[[0;32m  OK  [0m] Listening on Socket activation for snappy daemon.
[[0;32m  OK  [0m] Reached target Sockets.
[[0;32m  OK  [0m] Reached target Basic System.

         Starting Login Service...
         Starting LSB: automatic crash report generation...
         Starting System Logging Service...
[   13.928612] cloud-init[807]: The key fingerprint is:[[0;32m  OK  [0m] Started Regular background program processing daemon.

[   13.930962] cloud-init[807]: SHA256:iCQnfYda9s+3s6jVUWKWW/HOfCHe17j7Fhr43ZLh9zw root@ubuntu-bionic
         Starting Permit User Sessions...
[   13.933816] cloud-init[807]: The key's randomart image is:
[   13.936885] cloud-init[807]: +---[ECDSA 256]---+
[   13.942326] cloud-init[807]: |              .  |
[   13.943467] cloud-init[807]: |   .   .     . o |
[   13.944862] cloud-init[807]: |  o + = .   =.o..|
[   13.946370] cloud-init[807]: |   = * +   o.=o=o|
[   13.947322] cloud-init[807]: |    o . S   +...B|
[   13.948875] cloud-init[807]: |         o o o.oo|
[   13.951258] cloud-init[807]: |          + +.=oo|
[   13.952647] cloud-init[807]: |         . o.++E+|
[   13.953629] cloud-init[807]: |        ... oo.=*|
[   13.955071] cloud-init[807]: +----[SHA256]-----+
[   13.956218] cloud-init[807]: Generating public/private ed25519 key pair.
[   13.958664] cloud-init[807]: Your identification has been saved in /etc/ssh/ssh_host_ed25519_key.
[   13.960613] cloud-init[807]: Your public key has been saved in /etc/ssh/ssh_host_ed25519_key.pub.
[   13.963460] cloud-init[807]: The key fingerprint is:
[   13.965375] cloud-init[807]: SHA256:M6zcvqTsouED/S4lA60X/1sAb7Ub5MqhAnIwY8lXeso root@ubuntu-bionic
[   13.967753] cloud-init[807]: The key's randomart image is:
[   13.970648] cloud-init[807]: +--[ED25519 256]--+
[   13.971661] cloud-init[807]: |     .           |
[   13.972834] cloud-init[807]: |. . o            |
[   13.973839] cloud-init[807]: |+= o..  o        |
         Starting Dispatcher daemon for systemd-networkd...
[   13.978972] cloud-init[807]: |o+= oo = .       |
[   13.979892] cloud-init[807]: |o+.E  = S        |
[   13.980654] cloud-init[807]: |+o= o= * =       |
[   13.981539] cloud-init[807]: | oo=..= =        |
[   13.982492] cloud-init[807]: | .ooo..=         |
[   13.984298] cloud-init[807]: |  o=.o=.o.       |
[   13.985905] cloud-init[807]: +----[SHA256]-----+
         Starting Pollinate to seed the pseudo random number generator...
[[0;32m  OK  [0m] Started irqbalance daemon.
         Starting Accounts Service...
[[0;32m  OK  [0m] Started FUSE filesystem for LXC.
[[0;32m  OK  [0m] Started D-Bus System Message Bus.
[[0;32m  OK  [0m] Started Login Service.
[[0;32m  OK  [0m] Started Unattended Upgrades Shutdown.
         Starting LSB: Record successful boot for GRUB...
         Starting Virtualbox guest utils...
         Starting Snap Daemon...
[[0;32m  OK  [0m] Started Deferred execution scheduler.
         Starting LXD - container startup/shutdown...
[[0;32m  OK  [0m] Started System Logging Service.
[[0;32m  OK  [0m] Started Availability of block devices.
[[0;32m  OK  [0m] Started Permit User Sessions.
         Starting Terminate Plymouth Boot Screen...
         Starting Hold until boot process finishes up...
[[0;32m  OK  [0m] Started Hold until boot process finishes up.
[[0;32m  OK  [0m] Started Terminate Plymouth Boot Screen.
         Starting Authorization Manager...
         Starting Set console scheme...
[[0;32m  OK  [0m] Started Serial Getty on ttyS0.
[[0;32m  OK  [0m] Started LSB: automatic crash report generation.
[[0;32m  OK  [0m] Started Authorization Manager.
[[0;32m  OK  [0m] Started Accounts Service.
[[0;32m  OK  [0m] Started Set console scheme.
[[0;32m  OK  [0m] Created slice system-getty.slice.
[[0;32m  OK  [0m] Started Getty on tty1.
[[0;32m  OK  [0m] Reached target Login Prompts.
[[0;32m  OK  [0m] Started LSB: Record successful boot for GRUB.
[[0;32m  OK  [0m] Started LXD - container startup/shutdown.
[[0;32m  OK  [0m] Started Virtualbox guest utils.
[[0;32m  OK  [0m] Started Dispatcher daemon for systemd-networkd.
[[0;32m  OK  [0m] Started Pollinate to seed the pseudo random number generator.
         Starting OpenBSD Secure Shell server...
[[0;32m  OK  [0m] Started Snap Daemon.
         Starting Wait until snapd is fully seeded...
[[0;32m  OK  [0m] Started OpenBSD Secure Shell server.
[[0;32m  OK  [0m] Created slice User Slice of vagrant.
         Starting User Manager for UID 1000...
[[0;32m  OK  [0m] Started Session 1 of user vagrant.
[[0;32m  OK  [0m] Started User Manager for UID 1000.
[[0;32m  OK  [0m] Started Wait until snapd is fully seeded.
[[0;32m  OK  [0m] Reached target Multi-User System.
[[0;32m  OK  [0m] Reached target Graphical Interface.
         Starting Update UTMP about System Runlevel Changes...
         Starting Apply the settings specified in cloud-config...
[[0;32m  OK  [0m] Started Update UTMP about System Runlevel Changes.
[   18.487341] cloud-init[1318]: Cloud-init v. 20.3-2-g371b392c-0ubuntu1~18.04.1 running 'modules:config' at Thu, 14 Jan 2021 21:58:32 +0000. Up 17.23 seconds.
[[0;32m  OK  [0m] Started Apply the settings specified in cloud-config.
         Starting Execute cloud user/final scripts...
ci-info: no authorized SSH keys fingerprints found for user ubuntu.
<14>Jan 14 21:58:34 ec2: 
<14>Jan 14 21:58:34 ec2: #############################################################
<14>Jan 14 21:58:34 ec2: -----BEGIN SSH HOST KEY FINGERPRINTS-----
<14>Jan 14 21:58:34 ec2: 1024 SHA256:S6P1LxAP5QXB5zdCK2XI6uKrOaDH9lNR1oTtAPjgN0A root@ubuntu-bionic (DSA)
<14>Jan 14 21:58:34 ec2: 256 SHA256:iCQnfYda9s+3s6jVUWKWW/HOfCHe17j7Fhr43ZLh9zw root@ubuntu-bionic (ECDSA)
<14>Jan 14 21:58:34 ec2: 256 SHA256:M6zcvqTsouED/S4lA60X/1sAb7Ub5MqhAnIwY8lXeso root@ubuntu-bionic (ED25519)
<14>Jan 14 21:58:34 ec2: 2048 SHA256:82bMV9kicH9ii6DPCPUDKSp94BIEuQ55+FUcAfYh13o root@ubuntu-bionic (RSA)
<14>Jan 14 21:58:34 ec2: -----END SSH HOST KEY FINGERPRINTS-----
<14>Jan 14 21:58:34 ec2: #############################################################
-----BEGIN SSH HOST KEY KEYS-----
ecdsa-sha2-nistp256 AAAAE2VjZHNhLXNoYTItbmlzdHAyNTYAAAAIbmlzdHAyNTYAAABBBIbXH5Hlt3G69cLjlIjAwNbOKlJtnothm0fUethedpypLRVsadq5BeHbCtnH4BZ4PO20GDk0Z29ZmuVEhwncpV4= root@ubuntu-bionic
ssh-ed25519 AAAAC3NzaC1lZDI1NTE5AAAAIE6VVy/r0ZHGtUNKC7P9LaGIjvdBkjrh5F8qoCXmxUqH root@ubuntu-bionic
ssh-rsa AAAAB3NzaC1yc2EAAAADAQABAAABAQDDXiJ1nRXXnudZmHlTouS5RWNsTjfQkDoWKSRip7pTMhep3d7751TbwnYytT0YADbCiVyFGc3nA4KNpTRuKmMZ8hDJT+kM9iJGU+O0Mmqf3eQ24S+0MkeOBMwIcO47XP4ZgYJpxUIqtsj/+eCFzY82JwRJVky63/1Ff0NRlHwcTJYUN/kh3yNxuKapAfWuuQn+xT2Pls3nLBUsq2GQr+5gexOoP6LitRIYDT1B24O4hypHo5eeLCIRDUdmGbc5+tEscvQaHdm6Miv1HB5bfJolFN580zqYLOPCXuRThfiinTs55qrmvpfrzbXJ8FwchRaJVPsB0gD9jID4G0foo6Cj root@ubuntu-bionic
-----END SSH HOST KEY KEYS-----
[   19.437214] cloud-init[1438]: Cloud-init v. 20.3-2-g371b392c-0ubuntu1~18.04.1 running 'modules:final' at Thu, 14 Jan 2021 21:58:34 +0000. Up 19.20 seconds.
[   19.438063] cloud-init[1438]: ci-info: no authorized SSH keys fingerprints found for user ubuntu.
[   19.438689] cloud-init[1438]: Cloud-init v. 20.3-2-g371b392c-0ubuntu1~18.04.1 finished at Thu, 14 Jan 2021 21:58:35 +0000. Datasource DataSourceNoCloud [seed=/dev/sdb][dsmode=net].  Up 19.42 seconds

Ubuntu 18.04.5 LTS ubuntu-bionic ttyS0

ubuntu-bionic login: [[0;32m  OK  [0m] Stopped Unattended Upgrades Shutdown.
         Unmounting /vagrant...
[[0;32m  OK  [0m] Stopped target Graphical Interface.
         Stopping Accounts Service...
[[0;32m  OK  [0m] Stopped target Host and Network Name Lookups.
         Stopping Authorization Manager...
[[0;32m  OK  [0m] Closed Load/Save RF Kill Switch Status /dev/rfkill Watch.
[[0;32m  OK  [0m] Stopped target Cloud-init target.
         Stopping Session 8 of user vagrant.
         Stopping User Manager for UID 1000...
[[0;32m  OK  [0m] Stopped Execute cloud user/final scripts.
[[0;32m  OK  [0m] Stopped Apply the settings specified in cloud-config.
[[0;32m  OK  [0m] Stopped target Cloud-config availability.
[[0;32m  OK  [0m] Stopped target Multi-User System.
         Stopping Regular background program processing daemon...
[[0;32m  OK  [0m] Stopped target Login Prompts.
         Stopping Serial          Stopping Getty on tty1...
         Stopping Dispatcher daemon for systemd-networkd...
         Stopping LSB: Record successful boot for GRUB...
         Stopping FUSE filesystem for LXC...
[[0;32m  OK  [0m] Stopped target Network is Online.
         Stopping System Logging Service...
         Stopping D-Bus System Message Bus...
         Stopping irqbalance daemon...
         Stopping Availability of block devices...
         Stopping Virtualbox guest utils...
         Stopping OpenBSD Secure Shell server...
[[0;32m  OK  [0m] Stopped Wait until snapd is fully seeded.
         Stopping LSB: automatic crash report generation...
         Stopping Deferred execution scheduler...
         Stopping LXD - container startup/shutdown...
[[0;32m  OK  [0m] Stopped target Timers.
[[0;32m  OK  [0m] Stopped Daily Cleanup of Temporary Directories.
[[0;32m  OK  [0m] Stopped Discard unused blocks once a week.
[[0;32m  OK  [0m] Stopped Message of the Day.
[[0;32m  OK  [0m] Stopped Daily apt upgrade and clean activities.
[[0;32m  OK  [0m] Stopped Daily apt download activities.
[[0;32m  OK  [0m] Stopped target System Time Synchronized.
[[0;32m  OK  [0m] Unmounted /var/lib/lxcfs.
[[0;32m  OK  [0m] Stopped Regular background program processing daemon.
[[0;32m  OK  [0m] Stopped Dispatcher daemon for systemd-networkd.
[[0;32m  OK  [0m] Stopped irqbalance daemon.
[[0;32m  OK  [0m] Stopped Accounts Service.
[[0;32m  OK  [0m] Stopped Deferred execution scheduler.
[[0;32m  OK  [0m] Stopped Authorization Manager.
[[0;32m  OK  [0m] Stopped Serial Getty on ttyS0.
[[0;32m  OK  [0m] Stopped Getty on tty1.
[[0;32m  OK  [0m] Stopped OpenBSD Secure Shell server.
[[0;32m  OK  [0m] Stopped System Logging Service.
[[0;32m  OK  [0m] Stopped User Manager for UID 1000.
[[0;32m  OK  [0m] Unmounted /vagrant.
[[0;32m  OK  [0m] Stopped D-Bus System Message Bus.
[[0;32m  OK  [0m] Stopped Availability of block devices.
[[0;32m  OK  [0m] Stopped FUSE filesystem for LXC.
[[0;32m  OK  [0m] Stopped Session 8 of user vagrant.
[[0;32m  OK  [0m] Stopped LXD - container startup/shutdown.
[[0;32m  OK  [0m] Removed slice User Slice of vagrant.
         Stopping Login Service...
[[0;32m  OK  [0m] Removed slice system-getty.slice.
[[0;32m  OK  [0m] Removed slice system-serial\x2dgetty.slice.
         Stopping Permit User Sessions...
[[0;32m  OK  [0m] Stopped LSB: Record successful boot for GRUB.
[[0;32m  OK  [0m] Stopped Permit User Sessions.
[[0;32m  OK  [0m] Stopped LSB: automatic crash report generation.
[[0;32m  OK  [0m] Stopped target Network.
         Stopping Network Name Resolution...
[[0;32m  OK  [0m] Stopped target Remote File Systems.
[[0;32m  OK  [0m] Stopped target Remote File Systems (Pre).
[[0;32m  OK  [0m] Stopped Virtualbox guest utils.
[[0;32m  OK  [0m] Stopped Network Name Resolution.
[[0;32m  OK  [0m] Stopped Login Service.
[[0;32m  OK  [0m] Stopped target User and Group Name Lookups.
[[0;32m  OK  [0m] Stopped target Basic System.
[[0;32m  OK  [0m] Stopped target Slices.
[[0;32m  OK  [0m] Stopped target Paths.
[[0;32m  OK  [0m] Stopped ACPI Events Check.
[[0;32m  OK  [0m] Stopped target Sockets.
[[0;32m  OK  [0m] Closed ACPID Listen Socket.
[[0;32m  OK  [0m] Closed Syslog Socket.
[[0;32m  OK  [0m] Closed Socket activation for snappy daemon.
[[0;32m  OK  [0m] Closed LXD - unix socket.
[[0;32m  OK  [0m] Closed Open-iSCSI iscsid Socket.
[[0;32m  OK  [0m] Closed UUID daemon activation socket.
[[0;32m  OK  [0m] Closed D-Bus System Message Bus Socket.
[[0;32m  OK  [0m] Stopped target System Initialization.
[[0;32m  OK  [0m] Stopped target Local Encrypted Volumes.
[[0;32m  OK  [0m] Stopped Dispatch Password Requests to Console Directory Watch.
[[0;32m  OK  [0m] Stopped Forward Password Requests to Wall Directory Watch.
         Stopping Update UTMP about System Boot/Shutdown...
[[0;32m  OK  [0m] Stopped Commit a transient machine-id on disk.
         Stopping Load/Save Random Seed...
[[0;32m  OK  [0m] Stopped Initial cloud-init job (metadata service crawler).
[[0;32m  OK  [0m] Stopped Wait for Network to be Configured.
         Stopping Network Service...
[[0;32m  OK  [0m] Removed slice User and Session Slice.
[[0;32m  OK  [0m] Stopped Load/Save Random Seed.
[[0;32m  OK  [0m] Stopped Update UTMP about System Boot/Shutdown.
[[0;32m  OK  [0m] Stopped Network Service.
[[0;32m  OK  [0m] Stopped target Network (Pre).
[[0;32m  OK  [0m] Stopped Initial cloud-init job (pre-networking).
[[0;32m  OK  [0m] Stopped Apply Kernel Variables.
[[0;32m  OK  [0m] Stopped Load Kernel Modules.
[[0;32m  OK  [0m] Stopped Create Volatile Files and Directories.
[[0;32m  OK  [0m] Stopped target Local File Systems.
         Unmounting /run/user/1000...
[[0;32m  OK  [0m] Unmounted /run/user/1000.
[[0;32m  OK  [0m] Reached target Unmount All Filesystems.
[[0;32m  OK  [0m] Stopped target Swap.
[[0;32m  OK  [0m] Stopped target Local File Systems (Pre).
         Stopping Monitoring of LVM2 mirrors…ng dmeventd or progress polling...
[[0;32m  OK  [0m] Stopped Remount Root and Kernel File Systems.
[[0;32m  OK  [0m] Stopped Create Static Device Nodes in /dev.
[[0;32m  OK  [0m] Reached target Shutdown.
[[0;32m  OK  [0m] Reached target Final Step.
         Starting Power-Off...
[[0;32m  OK  [0m] Stopped Monitoring of LVM2 mirrors,…sing dmeventd or progress polling.
         Stopping LVM2 metadata daemon...
[[0;32m  OK  [0m] Stopped LVM2 metadata daemon.
[ 4368.943641] reboot: Power down
